This file contains any messages produced by compilers while
running configure, to aid debugging if configure makes a mistake.

It was created by OpenEXR_Viewers configure 2.2.0, which was
generated by GNU Autoconf 2.69.  Invocation command line was

  $ ./configure --no-create --no-recursion

## --------- ##
## Platform. ##
## --------- ##

hostname = bhargav-Lenovo-ideapad-520-15IKB
uname -m = x86_64
uname -r = 4.15.0-64-generic
uname -s = Linux
uname -v = #73-Ubuntu SMP Thu Sep 12 13:16:13 UTC 2019

/usr/bin/uname -p = unknown
/bin/uname -X     = unknown

/bin/arch              = unknown
/usr/bin/arch -k       = unknown
/usr/convex/getsysinfo = unknown
/usr/bin/hostinfo      = unknown
/bin/machine           = unknown
/usr/bin/oslevel       = unknown
/bin/universe          = unknown

PATH: /usr/local/sbin
PATH: /usr/local/bin
PATH: /usr/sbin
PATH: /usr/bin
PATH: /sbin
PATH: /bin
PATH: /snap/bin


## ----------- ##
## Core tests. ##
## ----------- ##

configure:2630: checking build system type
configure:2644: result: x86_64-pc-linux-gnu
configure:2664: checking host system type
configure:2677: result: x86_64-pc-linux-gnu
configure:2716: checking for a BSD-compatible install
configure:2784: result: /usr/bin/install -c
configure:2795: checking whether build environment is sane
configure:2850: result: yes
configure:3001: checking for a thread-safe mkdir -p
configure:3040: result: /bin/mkdir -p
configure:3047: checking for gawk
configure:3077: result: no
configure:3047: checking for mawk
configure:3063: found /usr/bin/mawk
configure:3074: result: mawk
configure:3085: checking whether make sets $(MAKE)
configure:3107: result: yes
configure:3136: checking whether make supports nested variables
configure:3153: result: yes
configure:3279: checking whether to enable maintainer-specific portions of Makefiles
configure:3288: result: no
configure:3367: checking for g++
configure:3383: found /usr/bin/g++
configure:3394: result: g++
configure:3421: checking for C++ compiler version
configure:3430: g++ --version >&5
g++ (Ubuntu 7.4.0-1ubuntu1~18.04.1) 7.4.0
Copyright (C) 2017 Free Software Foundation, Inc.
This is free software; see the source for copying conditions.  There is NO
warranty; not even for MERCHANTABILITY or FITNESS FOR A PARTICULAR PURPOSE.

configure:3441: $? = 0
configure:3430: g++ -v >&5
Using built-in specs.
COLLECT_GCC=g++
COLLECT_LTO_WRAPPER=/usr/lib/gcc/x86_64-linux-gnu/7/lto-wrapper
OFFLOAD_TARGET_NAMES=nvptx-none
OFFLOAD_TARGET_DEFAULT=1
Target: x86_64-linux-gnu
Configured with: ../src/configure -v --with-pkgversion='Ubuntu 7.4.0-1ubuntu1~18.04.1' --with-bugurl=file:///usr/share/doc/gcc-7/README.Bugs --enable-languages=c,ada,c++,go,brig,d,fortran,objc,obj-c++ --prefix=/usr --with-gcc-major-version-only --program-suffix=-7 --program-prefix=x86_64-linux-gnu- --enable-shared --enable-linker-build-id --libexecdir=/usr/lib --without-included-gettext --enable-threads=posix --libdir=/usr/lib --enable-nls --with-sysroot=/ --enable-clocale=gnu --enable-libstdcxx-debug --enable-libstdcxx-time=yes --with-default-libstdcxx-abi=new --enable-gnu-unique-object --disable-vtable-verify --enable-libmpx --enable-plugin --enable-default-pie --with-system-zlib --with-target-system-zlib --enable-objc-gc=auto --enable-multiarch --disable-werror --with-arch-32=i686 --with-abi=m64 --with-multilib-list=m32,m64,mx32 --enable-multilib --with-tune=generic --enable-offload-targets=nvptx-none --without-cuda-driver --enable-checking=release --build=x86_64-linux-gnu --host=x86_64-linux-gnu --target=x86_64-linux-gnu
Thread model: posix
gcc version 7.4.0 (Ubuntu 7.4.0-1ubuntu1~18.04.1) 
configure:3441: $? = 0
configure:3430: g++ -V >&5
g++: error: unrecognized command line option '-V'
g++: fatal error: no input files
compilation terminated.
configure:3441: $? = 1
configure:3430: g++ -qversion >&5
g++: error: unrecognized command line option '-qversion'; did you mean '--version'?
g++: fatal error: no input files
compilation terminated.
configure:3441: $? = 1
configure:3461: checking whether the C++ compiler works
configure:3483: g++    conftest.cpp  >&5
configure:3487: $? = 0
configure:3535: result: yes
configure:3538: checking for C++ compiler default output file name
configure:3540: result: a.out
configure:3546: checking for suffix of executables
configure:3553: g++ -o conftest    conftest.cpp  >&5
configure:3557: $? = 0
configure:3579: result: 
configure:3601: checking whether we are cross compiling
configure:3609: g++ -o conftest    conftest.cpp  >&5
configure:3613: $? = 0
configure:3620: ./conftest
configure:3624: $? = 0
configure:3639: result: no
configure:3644: checking for suffix of object files
configure:3666: g++ -c   conftest.cpp >&5
configure:3670: $? = 0
configure:3691: result: o
configure:3695: checking whether we are using the GNU C++ compiler
configure:3714: g++ -c   conftest.cpp >&5
configure:3714: $? = 0
configure:3723: result: yes
configure:3732: checking whether g++ accepts -g
configure:3752: g++ -c -g  conftest.cpp >&5
configure:3752: $? = 0
configure:3793: result: yes
configure:3827: checking for style of include used by make
configure:3855: result: GNU
configure:3881: checking dependency style of g++
configure:3992: result: gcc3
configure:4056: checking for gcc
configure:4072: found /usr/bin/gcc
configure:4083: result: gcc
configure:4312: checking for C compiler version
configure:4321: gcc --version >&5
gcc (Ubuntu 7.4.0-1ubuntu1~18.04.1) 7.4.0
Copyright (C) 2017 Free Software Foundation, Inc.
This is free software; see the source for copying conditions.  There is NO
warranty; not even for MERCHANTABILITY or FITNESS FOR A PARTICULAR PURPOSE.

configure:4332: $? = 0
configure:4321: gcc -v >&5
Using built-in specs.
COLLECT_GCC=gcc
COLLECT_LTO_WRAPPER=/usr/lib/gcc/x86_64-linux-gnu/7/lto-wrapper
OFFLOAD_TARGET_NAMES=nvptx-none
OFFLOAD_TARGET_DEFAULT=1
Target: x86_64-linux-gnu
Configured with: ../src/configure -v --with-pkgversion='Ubuntu 7.4.0-1ubuntu1~18.04.1' --with-bugurl=file:///usr/share/doc/gcc-7/README.Bugs --enable-languages=c,ada,c++,go,brig,d,fortran,objc,obj-c++ --prefix=/usr --with-gcc-major-version-only --program-suffix=-7 --program-prefix=x86_64-linux-gnu- --enable-shared --enable-linker-build-id --libexecdir=/usr/lib --without-included-gettext --enable-threads=posix --libdir=/usr/lib --enable-nls --with-sysroot=/ --enable-clocale=gnu --enable-libstdcxx-debug --enable-libstdcxx-time=yes --with-default-libstdcxx-abi=new --enable-gnu-unique-object --disable-vtable-verify --enable-libmpx --enable-plugin --enable-default-pie --with-system-zlib --with-target-system-zlib --enable-objc-gc=auto --enable-multiarch --disable-werror --with-arch-32=i686 --with-abi=m64 --with-multilib-list=m32,m64,mx32 --enable-multilib --with-tune=generic --enable-offload-targets=nvptx-none --without-cuda-driver --enable-checking=release --build=x86_64-linux-gnu --host=x86_64-linux-gnu --target=x86_64-linux-gnu
Thread model: posix
gcc version 7.4.0 (Ubuntu 7.4.0-1ubuntu1~18.04.1) 
configure:4332: $? = 0
configure:4321: gcc -V >&5
gcc: error: unrecognized command line option '-V'
gcc: fatal error: no input files
compilation terminated.
configure:4332: $? = 1
configure:4321: gcc -qversion >&5
gcc: error: unrecognized command line option '-qversion'; did you mean '--version'?
gcc: fatal error: no input files
compilation terminated.
configure:4332: $? = 1
configure:4336: checking whether we are using the GNU C compiler
configure:4355: gcc -c   conftest.c >&5
configure:4355: $? = 0
configure:4364: result: yes
configure:4373: checking whether gcc accepts -g
configure:4393: gcc -c -g  conftest.c >&5
configure:4393: $? = 0
configure:4434: result: yes
configure:4451: checking for gcc option to accept ISO C89
configure:4514: gcc  -c -g -O2  conftest.c >&5
configure:4514: $? = 0
configure:4527: result: none needed
configure:4552: checking whether gcc understands -c and -o together
configure:4574: gcc -c conftest.c -o conftest2.o
configure:4577: $? = 0
configure:4574: gcc -c conftest.c -o conftest2.o
configure:4577: $? = 0
configure:4589: result: yes
configure:4608: checking dependency style of gcc
configure:4719: result: gcc3
configure:4734: checking whether ln -s works
configure:4738: result: yes
configure:4791: checking how to print strings
configure:4818: result: printf
configure:4839: checking for a sed that does not truncate output
configure:4903: result: /bin/sed
configure:4921: checking for grep that handles long lines and -e
configure:4979: result: /bin/grep
configure:4984: checking for egrep
configure:5046: result: /bin/grep -E
configure:5051: checking for fgrep
configure:5113: result: /bin/grep -F
configure:5148: checking for ld used by gcc
configure:5215: result: /usr/bin/ld
configure:5222: checking if the linker (/usr/bin/ld) is GNU ld
configure:5237: result: yes
configure:5249: checking for BSD- or MS-compatible name lister (nm)
configure:5303: result: /usr/bin/nm -B
configure:5433: checking the name lister (/usr/bin/nm -B) interface
configure:5440: gcc -c -g -O2  conftest.c >&5
configure:5443: /usr/bin/nm -B "conftest.o"
configure:5446: output
0000000000000000 B some_variable
configure:5453: result: BSD nm
configure:5457: checking the maximum length of command line arguments
configure:5588: result: 1572864
configure:5636: checking how to convert x86_64-pc-linux-gnu file names to x86_64-pc-linux-gnu format
configure:5676: result: func_convert_file_noop
configure:5683: checking how to convert x86_64-pc-linux-gnu file names to toolchain format
configure:5703: result: func_convert_file_noop
configure:5710: checking for /usr/bin/ld option to reload object files
configure:5717: result: -r
configure:5791: checking for objdump
configure:5807: found /usr/bin/objdump
configure:5818: result: objdump
configure:5850: checking how to recognize dependent libraries
configure:6050: result: pass_all
configure:6135: checking for dlltool
configure:6165: result: no
configure:6195: checking how to associate runtime and link libraries
configure:6222: result: printf %s\n
configure:6283: checking for ar
configure:6299: found /usr/bin/ar
configure:6310: result: ar
configure:6347: checking for archiver @FILE support
configure:6364: gcc -c -g -O2  conftest.c >&5
configure:6364: $? = 0
configure:6367: ar cru libconftest.a @conftest.lst >&5
ar: `u' modifier ignored since `D' is the default (see `U')
configure:6370: $? = 0
configure:6375: ar cru libconftest.a @conftest.lst >&5
ar: `u' modifier ignored since `D' is the default (see `U')
ar: conftest.o: No such file or directory
configure:6378: $? = 1
configure:6390: result: @
configure:6448: checking for strip
configure:6464: found /usr/bin/strip
configure:6475: result: strip
configure:6547: checking for ranlib
configure:6563: found /usr/bin/ranlib
configure:6574: result: ranlib
configure:6676: checking command to parse /usr/bin/nm -B output from gcc object
configure:6829: gcc -c -g -O2  conftest.c >&5
configure:6832: $? = 0
configure:6836: /usr/bin/nm -B conftest.o \| sed -n -e 's/^.*[ ]\([ABCDGIRSTW][ABCDGIRSTW]*\)[ ][ ]*\([_A-Za-z][_A-Za-z0-9]*\)$/\1 \2 \2/p' | sed '/ __gnu_lto/d' \> conftest.nm
configure:6839: $? = 0
configure:6905: gcc -o conftest -g -O2   conftest.c conftstm.o >&5
configure:6908: $? = 0
configure:6946: result: ok
configure:6993: checking for sysroot
configure:7023: result: no
configure:7030: checking for a working dd
configure:7068: result: /bin/dd
configure:7072: checking how to truncate binary pipes
configure:7087: result: /bin/dd bs=4096 count=1
configure:7223: gcc -c -g -O2  conftest.c >&5
configure:7226: $? = 0
configure:7416: checking for mt
configure:7432: found /bin/mt
configure:7443: result: mt
configure:7466: checking if mt is a manifest tool
configure:7472: mt '-?'
configure:7480: result: no
configure:8157: checking how to run the C preprocessor
configure:8188: gcc -E  conftest.c
configure:8188: $? = 0
configure:8202: gcc -E  conftest.c
conftest.c:11:10: fatal error: ac_nonexistent.h: No such file or directory
 #include <ac_nonexistent.h>
          ^~~~~~~~~~~~~~~~~~
compilation terminated.
configure:8202: $? = 1
configure: failed program was:
| /* confdefs.h */
| #define PACKAGE_NAME "OpenEXR_Viewers"
| #define PACKAGE_TARNAME "openexr_viewers"
| #define PACKAGE_VERSION "2.2.0"
| #define PACKAGE_STRING "OpenEXR_Viewers 2.2.0"
| #define PACKAGE_BUGREPORT ""
| #define PACKAGE_URL ""
| #define PACKAGE "openexr_viewers"
| #define VERSION "2.2.0"
| /* end confdefs.h.  */
| #include <ac_nonexistent.h>
configure:8227: result: gcc -E
configure:8247: gcc -E  conftest.c
configure:8247: $? = 0
configure:8261: gcc -E  conftest.c
conftest.c:11:10: fatal error: ac_nonexistent.h: No such file or directory
 #include <ac_nonexistent.h>
          ^~~~~~~~~~~~~~~~~~
compilation terminated.
configure:8261: $? = 1
configure: failed program was:
| /* confdefs.h */
| #define PACKAGE_NAME "OpenEXR_Viewers"
| #define PACKAGE_TARNAME "openexr_viewers"
| #define PACKAGE_VERSION "2.2.0"
| #define PACKAGE_STRING "OpenEXR_Viewers 2.2.0"
| #define PACKAGE_BUGREPORT ""
| #define PACKAGE_URL ""
| #define PACKAGE "openexr_viewers"
| #define VERSION "2.2.0"
| /* end confdefs.h.  */
| #include <ac_nonexistent.h>
configure:8290: checking for ANSI C header files
configure:8310: gcc -c -g -O2  conftest.c >&5
configure:8310: $? = 0
configure:8383: gcc -o conftest -g -O2   conftest.c  >&5
configure:8383: $? = 0
configure:8383: ./conftest
configure:8383: $? = 0
configure:8394: result: yes
configure:8407: checking for sys/types.h
configure:8407: gcc -c -g -O2  conftest.c >&5
configure:8407: $? = 0
configure:8407: result: yes
configure:8407: checking for sys/stat.h
configure:8407: gcc -c -g -O2  conftest.c >&5
configure:8407: $? = 0
configure:8407: result: yes
configure:8407: checking for stdlib.h
configure:8407: gcc -c -g -O2  conftest.c >&5
configure:8407: $? = 0
configure:8407: result: yes
configure:8407: checking for string.h
configure:8407: gcc -c -g -O2  conftest.c >&5
configure:8407: $? = 0
configure:8407: result: yes
configure:8407: checking for memory.h
configure:8407: gcc -c -g -O2  conftest.c >&5
configure:8407: $? = 0
configure:8407: result: yes
configure:8407: checking for strings.h
configure:8407: gcc -c -g -O2  conftest.c >&5
configure:8407: $? = 0
configure:8407: result: yes
configure:8407: checking for inttypes.h
configure:8407: gcc -c -g -O2  conftest.c >&5
configure:8407: $? = 0
configure:8407: result: yes
configure:8407: checking for stdint.h
configure:8407: gcc -c -g -O2  conftest.c >&5
configure:8407: $? = 0
configure:8407: result: yes
configure:8407: checking for unistd.h
configure:8407: gcc -c -g -O2  conftest.c >&5
configure:8407: $? = 0
configure:8407: result: yes
configure:8421: checking for dlfcn.h
configure:8421: gcc -c -g -O2  conftest.c >&5
configure:8421: $? = 0
configure:8421: result: yes
configure:8688: checking for objdir
configure:8703: result: .libs
configure:8967: checking if gcc supports -fno-rtti -fno-exceptions
configure:8985: gcc -c -g -O2  -fno-rtti -fno-exceptions conftest.c >&5
cc1: warning: command line option '-fno-rtti' is valid for C++/ObjC++ but not for C
configure:8989: $? = 0
configure:9002: result: no
configure:9360: checking for gcc option to produce PIC
configure:9367: result: -fPIC -DPIC
configure:9375: checking if gcc PIC flag -fPIC -DPIC works
configure:9393: gcc -c -g -O2  -fPIC -DPIC -DPIC conftest.c >&5
configure:9397: $? = 0
configure:9410: result: yes
configure:9439: checking if gcc static flag -static works
configure:9467: result: yes
configure:9482: checking if gcc supports -c -o file.o
configure:9503: gcc -c -g -O2  -o out/conftest2.o conftest.c >&5
configure:9507: $? = 0
configure:9529: result: yes
configure:9537: checking if gcc supports -c -o file.o
configure:9584: result: yes
configure:9617: checking whether the gcc linker (/usr/bin/ld -m elf_x86_64) supports shared libraries
configure:10880: result: yes
configure:10917: checking whether -lc should be explicitly linked in
configure:10925: gcc -c -g -O2  conftest.c >&5
configure:10928: $? = 0
configure:10943: gcc -shared  -fPIC -DPIC conftest.o  -v -Wl,-soname -Wl,conftest -o conftest 2\>\&1 \| /bin/grep  -lc  \>/dev/null 2\>\&1
configure:10946: $? = 0
configure:10960: result: no
configure:11120: checking dynamic linker characteristics
configure:11701: gcc -o conftest -g -O2   -Wl,-rpath -Wl,/foo conftest.c  >&5
configure:11701: $? = 0
configure:11950: result: GNU/Linux ld.so
configure:12072: checking how to hardcode library paths into programs
configure:12097: result: immediate
configure:12645: checking whether stripping libraries is possible
configure:12650: result: yes
configure:12685: checking if libtool supports shared libraries
configure:12687: result: yes
configure:12690: checking whether to build shared libraries
configure:12715: result: yes
configure:12718: checking whether to build static libraries
configure:12722: result: yes
configure:12745: checking how to run the C++ preprocessor
configure:12772: g++ -E  conftest.cpp
configure:12772: $? = 0
configure:12786: g++ -E  conftest.cpp
conftest.cpp:23:10: fatal error: ac_nonexistent.h: No such file or directory
 #include <ac_nonexistent.h>
          ^~~~~~~~~~~~~~~~~~
compilation terminated.
configure:12786: $? = 1
configure: failed program was:
| /* confdefs.h */
| #define PACKAGE_NAME "OpenEXR_Viewers"
| #define PACKAGE_TARNAME "openexr_viewers"
| #define PACKAGE_VERSION "2.2.0"
| #define PACKAGE_STRING "OpenEXR_Viewers 2.2.0"
| #define PACKAGE_BUGREPORT ""
| #define PACKAGE_URL ""
| #define PACKAGE "openexr_viewers"
| #define VERSION "2.2.0"
| #define STDC_HEADERS 1
| #define HAVE_SYS_TYPES_H 1
| #define HAVE_SYS_STAT_H 1
| #define HAVE_STDLIB_H 1
| #define HAVE_STRING_H 1
| #define HAVE_MEMORY_H 1
| #define HAVE_STRINGS_H 1
| #define HAVE_INTTYPES_H 1
| #define HAVE_STDINT_H 1
| #define HAVE_UNISTD_H 1
| #define HAVE_DLFCN_H 1
| #define LT_OBJDIR ".libs/"
| /* end confdefs.h.  */
| #include <ac_nonexistent.h>
configure:12811: result: g++ -E
configure:12831: g++ -E  conftest.cpp
configure:12831: $? = 0
configure:12845: g++ -E  conftest.cpp
conftest.cpp:23:10: fatal error: ac_nonexistent.h: No such file or directory
 #include <ac_nonexistent.h>
          ^~~~~~~~~~~~~~~~~~
compilation terminated.
configure:12845: $? = 1
configure: failed program was:
| /* confdefs.h */
| #define PACKAGE_NAME "OpenEXR_Viewers"
| #define PACKAGE_TARNAME "openexr_viewers"
| #define PACKAGE_VERSION "2.2.0"
| #define PACKAGE_STRING "OpenEXR_Viewers 2.2.0"
| #define PACKAGE_BUGREPORT ""
| #define PACKAGE_URL ""
| #define PACKAGE "openexr_viewers"
| #define VERSION "2.2.0"
| #define STDC_HEADERS 1
| #define HAVE_SYS_TYPES_H 1
| #define HAVE_SYS_STAT_H 1
| #define HAVE_STDLIB_H 1
| #define HAVE_STRING_H 1
| #define HAVE_MEMORY_H 1
| #define HAVE_STRINGS_H 1
| #define HAVE_INTTYPES_H 1
| #define HAVE_STDINT_H 1
| #define HAVE_UNISTD_H 1
| #define HAVE_DLFCN_H 1
| #define LT_OBJDIR ".libs/"
| /* end confdefs.h.  */
| #include <ac_nonexistent.h>
configure:13007: checking for ld used by g++
configure:13074: result: /usr/bin/ld -m elf_x86_64
configure:13081: checking if the linker (/usr/bin/ld -m elf_x86_64) is GNU ld
configure:13096: result: yes
configure:13151: checking whether the g++ linker (/usr/bin/ld -m elf_x86_64) supports shared libraries
configure:14224: result: yes
configure:14260: g++ -c -g -O2  conftest.cpp >&5
configure:14263: $? = 0
configure:14744: checking for g++ option to produce PIC
configure:14751: result: -fPIC -DPIC
configure:14759: checking if g++ PIC flag -fPIC -DPIC works
configure:14777: g++ -c -g -O2  -fPIC -DPIC -DPIC conftest.cpp >&5
configure:14781: $? = 0
configure:14794: result: yes
configure:14817: checking if g++ static flag -static works
configure:14845: result: yes
configure:14857: checking if g++ supports -c -o file.o
configure:14878: g++ -c -g -O2  -o out/conftest2.o conftest.cpp >&5
configure:14882: $? = 0
configure:14904: result: yes
configure:14909: checking if g++ supports -c -o file.o
configure:14956: result: yes
configure:14986: checking whether the g++ linker (/usr/bin/ld -m elf_x86_64) supports shared libraries
configure:15029: result: yes
configure:15170: checking dynamic linker characteristics
configure:15927: result: GNU/Linux ld.so
configure:15992: checking how to hardcode library paths into programs
configure:16017: result: immediate
configure:16078: checking whether make sets $(MAKE)
configure:16100: result: yes
configure:16122: result: LIB64_IF_EXISTS ...   
configure:16157: checking for pkg-config
configure:16175: found /usr/bin/pkg-config
configure:16188: result: /usr/bin/pkg-config
configure:16300: checking for pkg-config
configure:16331: result: /usr/bin/pkg-config
configure:16935: checking for OpenEXR
configure:16972: g++ -o conftest -g -O2 -pthread -I/usr/local/include/OpenEXR   -L/usr/local/lib conftest.cpp  -L/usr/local/lib -lIlmImf -lImath -lHalf -lIex -lIexMath -lIlmThread -pthread >&5
conftest.cpp: In function 'int main()':
conftest.cpp:31:58: warning: ignoring return value of 'int system(const char*)', declared with attribute warn_unused_result [-Wunused-result]
 OPENEXR_IMF_NAMESPACE::isOpenExrFile("notExist");; system("touch conf.testprogram");
                                                    ~~~~~~^~~~~~~~~~~~~~~~~~~~~~~~~~
configure:16972: $? = 0
configure:16972: ./conftest
configure:16972: $? = 0
configure:16983: result: yes
configure:16985: result: Compiled and ran OpenEXR test program.
configure:17130: checking for OpenEXR_CTL
configure:17187: g++ -o conftest -g -O2 -I/OpenEXR   -L conftest.cpp  -L -lIlmImfCtl >&5
g++: fatal error: no input files
compilation terminated.
configure:17187: $? = 1
configure: program exited with status 1
configure: failed program was:
| /* confdefs.h */
| #define PACKAGE_NAME "OpenEXR_Viewers"
| #define PACKAGE_TARNAME "openexr_viewers"
| #define PACKAGE_VERSION "2.2.0"
| #define PACKAGE_STRING "OpenEXR_Viewers 2.2.0"
| #define PACKAGE_BUGREPORT ""
| #define PACKAGE_URL ""
| #define PACKAGE "openexr_viewers"
| #define VERSION "2.2.0"
| #define STDC_HEADERS 1
| #define HAVE_SYS_TYPES_H 1
| #define HAVE_SYS_STAT_H 1
| #define HAVE_STDLIB_H 1
| #define HAVE_STRING_H 1
| #define HAVE_MEMORY_H 1
| #define HAVE_STRINGS_H 1
| #define HAVE_INTTYPES_H 1
| #define HAVE_STDINT_H 1
| #define HAVE_UNISTD_H 1
| #define HAVE_DLFCN_H 1
| #define LT_OBJDIR ".libs/"
| /* end confdefs.h.  */
| 
| #include <ImfCtlApplyTransforms.h>
| #include <CtlSimdInterpreter.h>
| #include <ImfHeader.h>
| #include <ImfFrameBuffer.h>
| #include <ImathBox.h>
| #include <ImfNamespace.h>
| #include <vector>
| #include <cstdlib>
|     using namespace Ctl;
|     using namespace OPENEXR_IMF_NAMESPACE;
|     using namespace Imath;
| 
| int
| main ()
| {
| 
|     SimdInterpreter interpreter;
|     std::vector<std::string> transformNames;
|     Box2i transformWindow (V2i (0, 0), V2i (0, 0));
|     Header envHeader;
|     Header inHeader;
|     Header outHeader;
|     FrameBuffer inFb;
|     FrameBuffer outFb;
| 
|     ImfCtl::applyTransforms (interpreter, transformNames, transformWindow,
|                              envHeader, inHeader, inFb, outHeader, outFb);
|    ; system("touch conf.testprogram");
|   ;
|   return 0;
| }
configure:17203: result: no
configure:17246: g++ -c -g -O2 -I/OpenEXR  conftest.cpp >&5
conftest.cpp:24:10: fatal error: ImfCtlApplyTransforms.h: No such file or directory
 #include <ImfCtlApplyTransforms.h>
          ^~~~~~~~~~~~~~~~~~~~~~~~~
compilation terminated.
configure:17246: $? = 1
configure: failed program was:
| /* confdefs.h */
| #define PACKAGE_NAME "OpenEXR_Viewers"
| #define PACKAGE_TARNAME "openexr_viewers"
| #define PACKAGE_VERSION "2.2.0"
| #define PACKAGE_STRING "OpenEXR_Viewers 2.2.0"
| #define PACKAGE_BUGREPORT ""
| #define PACKAGE_URL ""
| #define PACKAGE "openexr_viewers"
| #define VERSION "2.2.0"
| #define STDC_HEADERS 1
| #define HAVE_SYS_TYPES_H 1
| #define HAVE_SYS_STAT_H 1
| #define HAVE_STDLIB_H 1
| #define HAVE_STRING_H 1
| #define HAVE_MEMORY_H 1
| #define HAVE_STRINGS_H 1
| #define HAVE_INTTYPES_H 1
| #define HAVE_STDINT_H 1
| #define HAVE_UNISTD_H 1
| #define HAVE_DLFCN_H 1
| #define LT_OBJDIR ".libs/"
| /* end confdefs.h.  */
| 
| #include <ImfCtlApplyTransforms.h>
| #include <CtlSimdInterpreter.h>
| #include <ImfHeader.h>
| #include <ImfFrameBuffer.h>
| #include <ImathBox.h>
| #include <ImfNamespace.h>
| #include <vector>
| #include <cstdlib>
|     using namespace Ctl;
|     using namespace OPENEXR_IMF_NAMESPACE;
|     using namespace Imath;
| 
| int
| main ()
| {
| 
|     SimdInterpreter interpreter;
|     std::vector<std::string> transformNames;
|     Box2i transformWindow (V2i (0, 0), V2i (0, 0));
|     Header envHeader;
|     Header inHeader;
|     Header outHeader;
|     FrameBuffer inFb;
|     FrameBuffer outFb;
| 
|     ImfCtl::applyTransforms (interpreter, transformNames, transformWindow,
|                              envHeader, inHeader, inFb, outHeader, outFb);
|     ;
|   ;
|   return 0;
| }
configure:17330: result: The OpenEXR_CTL package could not be found.  Will build and install playexr and exrdisplay without ctl support. 
configure:17403: checking for fltk-config
configure:17435: result: no
configure:17458: checking for FLTK with GL support
configure:17490: g++ -o conftest -g -O2     conftest.cpp  >&5
conftest.cpp:25:10: fatal error: FL/Fl.H: No such file or directory
 #include <FL/Fl.H>
          ^~~~~~~~~
compilation terminated.
configure:17490: $? = 1
configure: failed program was:
| /* confdefs.h */
| #define PACKAGE_NAME "OpenEXR_Viewers"
| #define PACKAGE_TARNAME "openexr_viewers"
| #define PACKAGE_VERSION "2.2.0"
| #define PACKAGE_STRING "OpenEXR_Viewers 2.2.0"
| #define PACKAGE_BUGREPORT ""
| #define PACKAGE_URL ""
| #define PACKAGE "openexr_viewers"
| #define VERSION "2.2.0"
| #define STDC_HEADERS 1
| #define HAVE_SYS_TYPES_H 1
| #define HAVE_SYS_STAT_H 1
| #define HAVE_STDLIB_H 1
| #define HAVE_STRING_H 1
| #define HAVE_MEMORY_H 1
| #define HAVE_STRINGS_H 1
| #define HAVE_INTTYPES_H 1
| #define HAVE_STDINT_H 1
| #define HAVE_UNISTD_H 1
| #define HAVE_DLFCN_H 1
| #define LT_OBJDIR ".libs/"
| /* end confdefs.h.  */
| 
| #include <stdlib.h>
| #include <FL/Fl.H>
| #include <FL/Fl_Gl_Window.H>
| int
| main ()
| {
| 
|     Fl_Gl_Window foo ();
| 
|   ;
|   return 0;
| }
configure:17511: result: no
configure:17541: result:
---------------------------------------------
Fltk setup:

FLTK_CXXFLAGS		
FLTK_LDFLAGS            
---------------------------------------------

configure:17699: checking for ANSI C header files
configure:17803: result: yes
configure:17814: checking limits.h usability
configure:17814: gcc -c -g -O2  conftest.c >&5
configure:17814: $? = 0
configure:17814: result: yes
configure:17814: checking limits.h presence
configure:17814: gcc -E  conftest.c
configure:17814: $? = 0
configure:17814: result: yes
configure:17814: checking for limits.h
configure:17814: result: yes
configure:17814: checking for unistd.h
configure:17814: result: yes
configure:17825: checking for an ANSI C-conforming const
configure:17891: gcc -c -g -O2  conftest.c >&5
configure:17891: $? = 0
configure:17898: result: yes
configure:17906: checking for inline
configure:17922: gcc -c -g -O2  conftest.c >&5
configure:17922: $? = 0
configure:17930: result: inline
configure:17948: checking for size_t
configure:17948: gcc -c -g -O2  conftest.c >&5
configure:17948: $? = 0
configure:17948: gcc -c -g -O2  conftest.c >&5
conftest.c: In function 'main':
conftest.c:62:21: error: expected expression before ')' token
 if (sizeof ((size_t)))
                     ^
configure:17948: $? = 1
configure: failed program was:
| /* confdefs.h */
| #define PACKAGE_NAME "OpenEXR_Viewers"
| #define PACKAGE_TARNAME "openexr_viewers"
| #define PACKAGE_VERSION "2.2.0"
| #define PACKAGE_STRING "OpenEXR_Viewers 2.2.0"
| #define PACKAGE_BUGREPORT ""
| #define PACKAGE_URL ""
| #define PACKAGE "openexr_viewers"
| #define VERSION "2.2.0"
| #define STDC_HEADERS 1
| #define HAVE_SYS_TYPES_H 1
| #define HAVE_SYS_STAT_H 1
| #define HAVE_STDLIB_H 1
| #define HAVE_STRING_H 1
| #define HAVE_MEMORY_H 1
| #define HAVE_STRINGS_H 1
| #define HAVE_INTTYPES_H 1
| #define HAVE_STDINT_H 1
| #define HAVE_UNISTD_H 1
| #define HAVE_DLFCN_H 1
| #define LT_OBJDIR ".libs/"
| #define STDC_HEADERS 1
| #define HAVE_LIMITS_H 1
| #define HAVE_UNISTD_H 1
| /* end confdefs.h.  */
| #include <stdio.h>
| #ifdef HAVE_SYS_TYPES_H
| # include <sys/types.h>
| #endif
| #ifdef HAVE_SYS_STAT_H
| # include <sys/stat.h>
| #endif
| #ifdef STDC_HEADERS
| # include <stdlib.h>
| # include <stddef.h>
| #else
| # ifdef HAVE_STDLIB_H
| #  include <stdlib.h>
| # endif
| #endif
| #ifdef HAVE_STRING_H
| # if !defined STDC_HEADERS && defined HAVE_MEMORY_H
| #  include <memory.h>
| # endif
| # include <string.h>
| #endif
| #ifdef HAVE_STRINGS_H
| # include <strings.h>
| #endif
| #ifdef HAVE_INTTYPES_H
| # include <inttypes.h>
| #endif
| #ifdef HAVE_STDINT_H
| # include <stdint.h>
| #endif
| #ifdef HAVE_UNISTD_H
| # include <unistd.h>
| #endif
| int
| main ()
| {
| if (sizeof ((size_t)))
| 	    return 0;
|   ;
|   return 0;
| }
configure:17948: result: yes
configure:17960: checking for gcc optimization flags
configure:17975: gcc -c -g -O2 -pipe  conftest.c >&5
configure:17975: $? = 0
configure:17982: result: -pipe
configure:18153: checking that generated files are newer than configure
configure:18159: result: done
configure:18202: creating ./config.status
configure:20644: result:
---------------------------------------------
Summary for OpenEXR features:

build exrdisplay FLTK application		no
    with fragment shader support		no
ctl support                                     no
---------------------------------------------
  

## ---------------- ##
## Cache variables. ##
## ---------------- ##

ac_cv_build=x86_64-pc-linux-gnu
ac_cv_c_compiler_gnu=yes
ac_cv_c_const=yes
ac_cv_c_inline=inline
ac_cv_cxx_compiler_gnu=yes
ac_cv_env_CCC_set=
ac_cv_env_CCC_value=
ac_cv_env_CC_set=
ac_cv_env_CC_value=
ac_cv_env_CFLAGS_set=
ac_cv_env_CFLAGS_value=
ac_cv_env_CPPFLAGS_set=
ac_cv_env_CPPFLAGS_value=
ac_cv_env_CPP_set=
ac_cv_env_CPP_value=
ac_cv_env_CXXCPP_set=
ac_cv_env_CXXCPP_value=
ac_cv_env_CXXFLAGS_set=
ac_cv_env_CXXFLAGS_value=
ac_cv_env_CXX_set=
ac_cv_env_CXX_value=
ac_cv_env_FLTK_CONFIG_set=
ac_cv_env_FLTK_CONFIG_value=
ac_cv_env_LDFLAGS_set=
ac_cv_env_LDFLAGS_value=
ac_cv_env_LIBS_set=
ac_cv_env_LIBS_value=
ac_cv_env_LT_SYS_LIBRARY_PATH_set=
ac_cv_env_LT_SYS_LIBRARY_PATH_value=
ac_cv_env_PKG_CONFIG_set=
ac_cv_env_PKG_CONFIG_value=
ac_cv_env_build_alias_set=
ac_cv_env_build_alias_value=
ac_cv_env_host_alias_set=
ac_cv_env_host_alias_value=
ac_cv_env_target_alias_set=
ac_cv_env_target_alias_value=
ac_cv_header_dlfcn_h=yes
ac_cv_header_inttypes_h=yes
ac_cv_header_limits_h=yes
ac_cv_header_memory_h=yes
ac_cv_header_stdc=yes
ac_cv_header_stdint_h=yes
ac_cv_header_stdlib_h=yes
ac_cv_header_string_h=yes
ac_cv_header_strings_h=yes
ac_cv_header_sys_stat_h=yes
ac_cv_header_sys_types_h=yes
ac_cv_header_unistd_h=yes
ac_cv_host=x86_64-pc-linux-gnu
ac_cv_objext=o
ac_cv_path_EGREP='/bin/grep -E'
ac_cv_path_FGREP='/bin/grep -F'
ac_cv_path_FLTK_CONFIG=no
ac_cv_path_GREP=/bin/grep
ac_cv_path_PKG_CONFIG=/usr/bin/pkg-config
ac_cv_path_SED=/bin/sed
ac_cv_path_install='/usr/bin/install -c'
ac_cv_path_lt_DD=/bin/dd
ac_cv_path_mkdir=/bin/mkdir
ac_cv_prog_AWK=mawk
ac_cv_prog_CPP='gcc -E'
ac_cv_prog_CXXCPP='g++ -E'
ac_cv_prog_ac_ct_AR=ar
ac_cv_prog_ac_ct_CC=gcc
ac_cv_prog_ac_ct_CXX=g++
ac_cv_prog_ac_ct_MANIFEST_TOOL=mt
ac_cv_prog_ac_ct_OBJDUMP=objdump
ac_cv_prog_ac_ct_RANLIB=ranlib
ac_cv_prog_ac_ct_STRIP=strip
ac_cv_prog_cc_c89=
ac_cv_prog_cc_g=yes
ac_cv_prog_cxx_g=yes
ac_cv_prog_make_make_set=yes
ac_cv_type_size_t=yes
am_cv_CC_dependencies_compiler_type=gcc3
am_cv_CXX_dependencies_compiler_type=gcc3
am_cv_make_support_nested_variables=yes
am_cv_prog_cc_c_o=yes
lt_cv_ar_at_file=@
lt_cv_archive_cmds_need_lc=no
lt_cv_deplibs_check_method=pass_all
lt_cv_file_magic_cmd='$MAGIC_CMD'
lt_cv_file_magic_test_file=
lt_cv_ld_reload_flag=-r
lt_cv_nm_interface='BSD nm'
lt_cv_objdir=.libs
lt_cv_path_LD=/usr/bin/ld
lt_cv_path_LDCXX='/usr/bin/ld -m elf_x86_64'
lt_cv_path_NM='/usr/bin/nm -B'
lt_cv_path_mainfest_tool=no
lt_cv_prog_compiler_c_o=yes
lt_cv_prog_compiler_c_o_CXX=yes
lt_cv_prog_compiler_pic='-fPIC -DPIC'
lt_cv_prog_compiler_pic_CXX='-fPIC -DPIC'
lt_cv_prog_compiler_pic_works=yes
lt_cv_prog_compiler_pic_works_CXX=yes
lt_cv_prog_compiler_rtti_exceptions=no
lt_cv_prog_compiler_static_works=yes
lt_cv_prog_compiler_static_works_CXX=yes
lt_cv_prog_gnu_ld=yes
lt_cv_prog_gnu_ldcxx=yes
lt_cv_sharedlib_from_linklib_cmd='printf %s\n'
lt_cv_shlibpath_overrides_runpath=yes
lt_cv_sys_global_symbol_pipe='sed -n -e '\''s/^.*[	 ]\([ABCDGIRSTW][ABCDGIRSTW]*\)[	 ][	 ]*\([_A-Za-z][_A-Za-z0-9]*\)$/\1 \2 \2/p'\'' | sed '\''/ __gnu_lto/d'\'''
lt_cv_sys_global_symbol_to_c_name_address='sed -n -e '\''s/^: \(.*\) .*$/  {"\1", (void *) 0},/p'\'' -e '\''s/^[ABCDGIRSTW][ABCDGIRSTW]* .* \(.*\)$/  {"\1", (void *) \&\1},/p'\'''
lt_cv_sys_global_symbol_to_c_name_address_lib_prefix='sed -n -e '\''s/^: \(.*\) .*$/  {"\1", (void *) 0},/p'\'' -e '\''s/^[ABCDGIRSTW][ABCDGIRSTW]* .* \(lib.*\)$/  {"\1", (void *) \&\1},/p'\'' -e '\''s/^[ABCDGIRSTW][ABCDGIRSTW]* .* \(.*\)$/  {"lib\1", (void *) \&\1},/p'\'''
lt_cv_sys_global_symbol_to_cdecl='sed -n -e '\''s/^T .* \(.*\)$/extern int \1();/p'\'' -e '\''s/^[ABCDGIRSTW][ABCDGIRSTW]* .* \(.*\)$/extern char \1;/p'\'''
lt_cv_sys_global_symbol_to_import=
lt_cv_sys_max_cmd_len=1572864
lt_cv_to_host_file_cmd=func_convert_file_noop
lt_cv_to_tool_file_cmd=func_convert_file_noop
lt_cv_truncate_bin='/bin/dd bs=4096 count=1'

## ----------------- ##
## Output variables. ##
## ----------------- ##

ACLOCAL='${SHELL} /home/bhargav/pbrt-v3-transient/src/ext/openexr/OpenEXR_Viewers/missing aclocal-1.15'
AMDEPBACKSLASH='\'
AMDEP_FALSE='#'
AMDEP_TRUE=''
AMTAR='$${TAR-tar}'
AM_BACKSLASH='\'
AM_CFLAGS='-pipe'
AM_CXXFLAGS='-pipe'
AM_DEFAULT_V='$(AM_DEFAULT_VERBOSITY)'
AM_DEFAULT_VERBOSITY='1'
AM_V='$(V)'
AR='ar'
AUTOCONF='${SHELL} /home/bhargav/pbrt-v3-transient/src/ext/openexr/OpenEXR_Viewers/missing autoconf'
AUTOHEADER='${SHELL} /home/bhargav/pbrt-v3-transient/src/ext/openexr/OpenEXR_Viewers/missing autoheader'
AUTOMAKE='${SHELL} /home/bhargav/pbrt-v3-transient/src/ext/openexr/OpenEXR_Viewers/missing automake-1.15'
AWK='mawk'
CC='gcc'
CCDEPMODE='depmode=gcc3'
CFLAGS='-g -O2'
CG_CXXFLAGS=''
CG_LDFLAGS=''
CPP='gcc -E'
CPPFLAGS=''
CXX='g++'
CXXCPP='g++ -E'
CXXDEPMODE='depmode=gcc3'
CXXFLAGS='-g -O2'
CYGPATH_W='echo'
DEFS='-DHAVE_CONFIG_H'
DEPDIR='.deps'
DLLTOOL='false'
DSYMUTIL=''
DUMPBIN=''
ECHO_C=''
ECHO_N='-n'
ECHO_T=''
EGREP='/bin/grep -E'
EXEEXT=''
FGREP='/bin/grep -F'
FLTK_CONFIG='no'
FLTK_CXXFLAGS=''
FLTK_LDFLAGS=''
GL_CXXFLAGS=''
GREP='/bin/grep'
HAVE_CG_FALSE=''
HAVE_CG_TRUE='#'
HAVE_CTL_FALSE=''
HAVE_CTL_TRUE='#'
HAVE_FLTK_FALSE=''
HAVE_FLTK_TRUE='#'
INSTALL_DATA='${INSTALL} -m 644'
INSTALL_PROGRAM='${INSTALL}'
INSTALL_SCRIPT='${INSTALL}'
INSTALL_STRIP_PROGRAM='$(install_sh) -c -s'
LD='/usr/bin/ld -m elf_x86_64'
LDFLAGS=''
LIBOBJS=''
LIBS=''
LIBTOOL='$(SHELL) $(top_builddir)/libtool'
LIBTOOL_VERSION='6:1:0'
LIPO=''
LN_S='ln -s'
LTLIBOBJS=''
LT_SYS_LIBRARY_PATH=''
MAINT='#'
MAINTAINER_MODE_FALSE=''
MAINTAINER_MODE_TRUE='#'
MAKEINFO='${SHELL} /home/bhargav/pbrt-v3-transient/src/ext/openexr/OpenEXR_Viewers/missing makeinfo'
MANIFEST_TOOL=':'
MKDIR_P='/bin/mkdir -p'
NM='/usr/bin/nm -B'
NMEDIT=''
OBJDUMP='objdump'
OBJEXT='o'
OPENEXR_CTL_CXXFLAGS='-DHAVE_CTL_INTERPRETER=0 -pthread -I/usr/local/include/OpenEXR'
OPENEXR_CTL_LDFLAGS='-DHAVE_CTL_INTERPRETER=0 -L/usr/local/lib'
OPENEXR_CTL_LIBS='-DHAVE_CTL_INTERPRETER=0 -L/usr/local/lib -lIlmImf -lImath -lHalf -lIex -lIexMath -lIlmThread -pthread'
OPENEXR_CXXFLAGS='-pthread -I/usr/local/include/OpenEXR'
OPENEXR_LDFLAGS='-L/usr/local/lib'
OPENEXR_LIBS='-L/usr/local/lib -lIlmImf -lImath -lHalf -lIex -lIexMath -lIlmThread -pthread'
OPENEXR_VIEWERS_VERSION='2.2.0'
OTOOL64=''
OTOOL=''
PACKAGE='openexr_viewers'
PACKAGE_BUGREPORT=''
PACKAGE_NAME='OpenEXR_Viewers'
PACKAGE_STRING='OpenEXR_Viewers 2.2.0'
PACKAGE_TARNAME='openexr_viewers'
PACKAGE_URL=''
PACKAGE_VERSION='2.2.0'
PATH_SEPARATOR=':'
PKG_CONFIG='/usr/bin/pkg-config'
PTHREAD_CC=''
PTHREAD_CFLAGS=''
PTHREAD_LIBS=''
RANLIB='ranlib'
SED='/bin/sed'
SET_MAKE=''
SHELL='/bin/bash'
STRIP='strip'
VERSION='2.2.0'
ac_ct_AR='ar'
ac_ct_CC='gcc'
ac_ct_CXX='g++'
ac_ct_DUMPBIN=''
acx_pthread_config=''
am__EXEEXT_FALSE=''
am__EXEEXT_TRUE='#'
am__fastdepCC_FALSE='#'
am__fastdepCC_TRUE=''
am__fastdepCXX_FALSE='#'
am__fastdepCXX_TRUE=''
am__include='include'
am__isrc=''
am__leading_dot='.'
am__nodep='_no'
am__quote=''
am__tar='$${TAR-tar} chof - "$$tardir"'
am__untar='$${TAR-tar} xf -'
bindir='${exec_prefix}/bin'
build='x86_64-pc-linux-gnu'
build_alias=''
build_cpu='x86_64'
build_os='linux-gnu'
build_vendor='pc'
datadir='${datarootdir}'
datarootdir='${prefix}/share'
docdir='${datarootdir}/doc/${PACKAGE_TARNAME}'
dvidir='${docdir}'
exec_prefix='${prefix}'
host='x86_64-pc-linux-gnu'
host_alias=''
host_cpu='x86_64'
host_os='linux-gnu'
host_vendor='pc'
htmldir='${docdir}'
includedir='${prefix}/include'
infodir='${datarootdir}/info'
install_sh='${SHELL} /home/bhargav/pbrt-v3-transient/src/ext/openexr/OpenEXR_Viewers/install-sh'
libdir='${exec_prefix}/lib'
libexecdir='${exec_prefix}/libexec'
localedir='${datarootdir}/locale'
localstatedir='${prefix}/var'
mandir='${datarootdir}/man'
mkdir_p='$(MKDIR_P)'
oldincludedir='/usr/include'
pdfdir='${docdir}'
prefix='/usr/local'
program_transform_name='s,x,x,'
psdir='${docdir}'
runstatedir='${localstatedir}/run'
sbindir='${exec_prefix}/sbin'
sharedstatedir='${prefix}/com'
sysconfdir='${prefix}/etc'
target_alias=''

## ----------- ##
## confdefs.h. ##
## ----------- ##

/* confdefs.h */
#define PACKAGE_NAME "OpenEXR_Viewers"
#define PACKAGE_TARNAME "openexr_viewers"
#define PACKAGE_VERSION "2.2.0"
#define PACKAGE_STRING "OpenEXR_Viewers 2.2.0"
#define PACKAGE_BUGREPORT ""
#define PACKAGE_URL ""
#define PACKAGE "openexr_viewers"
#define VERSION "2.2.0"
#define STDC_HEADERS 1
#define HAVE_SYS_TYPES_H 1
#define HAVE_SYS_STAT_H 1
#define HAVE_STDLIB_H 1
#define HAVE_STRING_H 1
#define HAVE_MEMORY_H 1
#define HAVE_STRINGS_H 1
#define HAVE_INTTYPES_H 1
#define HAVE_STDINT_H 1
#define HAVE_UNISTD_H 1
#define HAVE_DLFCN_H 1
#define LT_OBJDIR ".libs/"
#define STDC_HEADERS 1
#define HAVE_LIMITS_H 1
#define HAVE_UNISTD_H 1

configure: exit 0

## ---------------------- ##
## Running config.status. ##
## ---------------------- ##

This file was extended by OpenEXR_Viewers config.status 2.2.0, which was
generated by GNU Autoconf 2.69.  Invocation command line was

  CONFIG_FILES    = 
  CONFIG_HEADERS  = 
  CONFIG_LINKS    = 
  CONFIG_COMMANDS = 
  $ ./config.status 

on bhargav-Lenovo-ideapad-520-15IKB

config.status:1184: creating Makefile
config.status:1184: creating config/Makefile
config.status:1184: creating exrdisplay/Makefile
config.status:1184: creating playexr/Makefile
config.status:1184: creating doc/Makefile
config.status:1184: creating config/OpenEXR_ViewersConfig.h
config.status:1365: config/OpenEXR_ViewersConfig.h is unchanged
config.status:1413: executing depfiles commands
config.status:1413: executing libtool commands
